<?xml version="1.0" encoding="UTF-8"?>
<!-- Generated by org.testng.reporters.JUnitReportReporter -->
<testsuite skipped="0" hostname="Santosh" name="frameworkLibrary.ReportLibrary" tests="1" failures="0" timestamp="02 Oct 2018 16:34:56 GMT" time="0.078" errors="0">
  <testcase name="encodeDetails" time="0.078" classname="frameworkLibrary.ReportLibrary"/>
</testsuite> <!-- frameworkLibrary.ReportLibrary -->
