<?xml version="1.0" encoding="UTF-8"?>
<!-- Generated by org.testng.reporters.JUnitReportReporter -->
<testsuite skipped="0" hostname="LAPTOP-RJ6NAOK1" name="testScripts.Module1" tests="1" failures="0" timestamp="04 Oct 2018 03:08:07 GMT" time="23.802" errors="0">
  <testcase name="OrangeHRM" time="23.802" classname="testScripts.Module1"/>
</testsuite> <!-- testScripts.Module1 -->
