<?xml version="1.0" encoding="UTF-8"?>
<!-- Generated by org.testng.reporters.JUnitReportReporter -->
<testsuite skipped="0" hostname="LAPTOP-RJ6NAOK1" name="testScripts.Module1_contactdetails" tests="1" failures="0" timestamp="07 Oct 2018 16:31:37 GMT" time="25.188" errors="0">
  <testcase name="TC101_ContactDetails_EditValuesAndSave" time="25.188" classname="testScripts.Module1_contactdetails"/>
</testsuite> <!-- testScripts.Module1_contactdetails -->
